# JRE version: OpenJDK Runtime Environment (15.0.1+9) (build 15.0.1+9-18)
# Java VM: OpenJDK 64-Bit Server VM (15.0.1+9-18, mixed mode, tiered, compressed oops, g1 gc, windows-amd64)
GC Precious Log:
 CPUs: 8 total, 8 available
 Memory: 32692M
 Large Page Support: Disabled
 NUMA Support: Disabled
 Compressed Oops: Enabled (Zero based)
 Heap Region Size: 4M
 Heap Min Capacity: 8M
 Heap Initial Capacity: 512M
 Heap Max Capacity: 8176M
 Pre-touch: Disabled
 Parallel Workers: 8
 Concurrent Workers: 2
 Concurrent Refinement Workers: 8
 Periodic GC: Disabled
Heap:
 garbage-first heap   total 1675264K, used 98497K [0x0000000601000000, 0x0000000800000000)
  region size 4096K, 4 young (16384K), 4 survivors (16384K)
 Metaspace       used 21273K, capacity 21423K, committed 21760K, reserved 1069056K
  class space    used 2173K, capacity 2220K, committed 2304K, reserved 1048576K
GC Heap History (20 events):
Event: 114.596 GC heap after
{Heap after GC invocations=15 (full 0):
 garbage-first heap   total 131072K, used 62221K [0x0000000601000000, 0x0000000800000000)
  region size 4096K, 1 young (4096K), 1 survivors (4096K)
 Metaspace       used 21193K, capacity 21359K, committed 21504K, reserved 1069056K
  class space    used 2173K, capacity 2220K, committed 2304K, reserved 1048576K
}
Event: 114.606 GC heap before
{Heap before GC invocations=15 (full 0):
 garbage-first heap   total 131072K, used 74509K [0x0000000601000000, 0x0000000800000000)
  region size 4096K, 4 young (16384K), 1 survivors (4096K)
 Metaspace       used 21193K, capacity 21359K, committed 21504K, reserved 1069056K
  class space    used 2173K, capacity 2220K, committed 2304K, reserved 1048576K
}
Event: 114.607 GC heap after
{Heap after GC invocations=16 (full 0):
 garbage-first heap   total 131072K, used 62251K [0x0000000601000000, 0x0000000800000000)
  region size 4096K, 1 young (4096K), 1 survivors (4096K)
 Metaspace       used 21193K, capacity 21359K, committed 21504K, reserved 1069056K
  class space    used 2173K, capacity 2220K, committed 2304K, reserved 1048576K
}
Event: 114.613 GC heap before
{Heap before GC invocations=17 (full 0):
 garbage-first heap   total 131072K, used 74539K [0x0000000601000000, 0x0000000800000000)
  region size 4096K, 4 young (16384K), 1 survivors (4096K)
 Metaspace       used 21193K, capacity 21359K, committed 21504K, reserved 1069056K
  class space    used 2173K, capacity 2220K, committed 2304K, reserved 1048576K
}
Event: 114.616 GC heap after
{Heap after GC invocations=18 (full 0):
 garbage-first heap   total 208896K, used 68531K [0x0000000601000000, 0x0000000800000000)
  region size 4096K, 1 young (4096K), 1 survivors (4096K)
 Metaspace       used 21193K, capacity 21359K, committed 21504K, reserved 1069056K
  class space    used 2173K, capacity 2220K, committed 2304K, reserved 1048576K
}
Event: 114.639 GC heap before
{Heap before GC invocations=18 (full 0):
 garbage-first heap   total 208896K, used 109491K [0x0000000601000000, 0x0000000800000000)
  region size 4096K, 11 young (45056K), 1 survivors (4096K)
 Metaspace       used 21193K, capacity 21359K, committed 21504K, reserved 1069056K
  class space    used 2173K, capacity 2220K, committed 2304K, reserved 1048576K
}
Event: 114.644 GC heap after
{Heap after GC invocations=19 (full 0):
 garbage-first heap   total 208896K, used 75756K [0x0000000601000000, 0x0000000800000000)
  region size 4096K, 2 young (8192K), 2 survivors (8192K)
 Metaspace       used 21193K, capacity 21359K, committed 21504K, reserved 1069056K
  class space    used 2173K, capacity 2220K, committed 2304K, reserved 1048576K
}
Event: 114.686 GC heap before
{Heap before GC invocations=19 (full 0):
 garbage-first heap   total 208896K, used 137196K [0x0000000601000000, 0x0000000800000000)
  region size 4096K, 17 young (69632K), 2 survivors (8192K)
 Metaspace       used 21193K, capacity 21359K, committed 21504K, reserved 1069056K
  class space    used 2173K, capacity 2220K, committed 2304K, reserved 1048576K
}
Event: 114.694 GC heap after
{Heap after GC invocations=20 (full 0):
 garbage-first heap   total 208896K, used 80506K [0x0000000601000000, 0x0000000800000000)
  region size 4096K, 3 young (12288K), 3 survivors (12288K)
 Metaspace       used 21193K, capacity 21359K, committed 21504K, reserved 1069056K
  class space    used 2173K, capacity 2220K, committed 2304K, reserved 1048576K
}
Event: 114.709 GC heap before
{Heap before GC invocations=20 (full 0):
 garbage-first heap   total 208896K, used 133754K [0x0000000601000000, 0x0000000800000000)
  region size 4096K, 16 young (65536K), 3 survivors (12288K)
 Metaspace       used 21193K, capacity 21359K, committed 21504K, reserved 1069056K
  class space    used 2173K, capacity 2220K, committed 2304K, reserved 1048576K
}
Event: 114.715 GC heap after
{Heap after GC invocations=21 (full 0):
 garbage-first heap   total 208896K, used 84655K [0x0000000601000000, 0x0000000800000000)
  region size 4096K, 2 young (8192K), 2 survivors (8192K)
 Metaspace       used 21193K, capacity 21359K, committed 21504K, reserved 1069056K
  class space    used 2173K, capacity 2220K, committed 2304K, reserved 1048576K
}
Event: 114.738 GC heap before
{Heap before GC invocations=21 (full 0):
 garbage-first heap   total 208896K, used 137903K [0x0000000601000000, 0x0000000800000000)
  region size 4096K, 15 young (61440K), 2 survivors (8192K)
 Metaspace       used 21193K, capacity 21359K, committed 21504K, reserved 1069056K
  class space    used 2173K, capacity 2220K, committed 2304K, reserved 1048576K
}
Event: 114.744 GC heap after
{Heap after GC invocations=22 (full 0):
 garbage-first heap   total 626688K, used 89904K [0x0000000601000000, 0x0000000800000000)
  region size 4096K, 2 young (8192K), 2 survivors (8192K)
 Metaspace       used 21193K, capacity 21359K, committed 21504K, reserved 1069056K
  class space    used 2173K, capacity 2220K, committed 2304K, reserved 1048576K
}
Event: 114.883 GC heap before
{Heap before GC invocations=22 (full 0):
 garbage-first heap   total 626688K, used 372528K [0x0000000601000000, 0x0000000800000000)
  region size 4096K, 71 young (290816K), 2 survivors (8192K)
 Metaspace       used 21214K, capacity 21359K, committed 21504K, reserved 1069056K
  class space    used 2173K, capacity 2220K, committed 2304K, reserved 1048576K
}
Event: 114.891 GC heap after
{Heap after GC invocations=23 (full 0):
 garbage-first heap   total 626688K, used 99751K [0x0000000601000000, 0x0000000800000000)
  region size 4096K, 5 young (20480K), 5 survivors (20480K)
 Metaspace       used 21214K, capacity 21359K, committed 21504K, reserved 1069056K
  class space    used 2173K, capacity 2220K, committed 2304K, reserved 1048576K
}
Event: 115.004 GC heap before
{Heap before GC invocations=23 (full 0):
 garbage-first heap   total 626688K, used 452007K [0x0000000601000000, 0x0000000800000000)
  region size 4096K, 91 young (372736K), 5 survivors (20480K)
 Metaspace       used 21273K, capacity 21423K, committed 21760K, reserved 1069056K
  class space    used 2173K, capacity 2220K, committed 2304K, reserved 1048576K
}
Event: 115.012 GC heap after
{Heap after GC invocations=24 (full 0):
 garbage-first heap   total 626688K, used 98645K [0x0000000601000000, 0x0000000800000000)
  region size 4096K, 4 young (16384K), 4 survivors (16384K)
 Metaspace       used 21273K, capacity 21423K, committed 21760K, reserved 1069056K
  class space    used 2173K, capacity 2220K, committed 2304K, reserved 1048576K
}
Event: 115.120 GC heap before
{Heap before GC invocations=24 (full 0):
 garbage-first heap   total 626688K, used 454997K [0x0000000601000000, 0x0000000800000000)
  region size 4096K, 91 young (372736K), 4 survivors (16384K)
 Metaspace       used 21273K, capacity 21423K, committed 21760K, reserved 1069056K
  class space    used 2173K, capacity 2220K, committed 2304K, reserved 1048576K
}
Event: 115.127 GC heap after
{Heap after GC invocations=25 (full 0):
 garbage-first heap   total 626688K, used 99394K [0x0000000601000000, 0x0000000800000000)
  region size 4096K, 5 young (20480K), 5 survivors (20480K)
 Metaspace       used 21273K, capacity 21423K, committed 21760K, reserved 1069056K
  class space    used 2173K, capacity 2220K, committed 2304K, reserved 1048576K
}
Event: 115.221 GC heap before
{Heap before GC invocations=25 (full 0):
 garbage-first heap   total 626688K, used 451650K [0x0000000601000000, 0x0000000800000000)
  region size 4096K, 91 young (372736K), 5 survivors (20480K)
 Metaspace       used 21273K, capacity 21423K, committed 21760K, reserved 1069056K
  class space    used 2173K, capacity 2220K, committed 2304K, reserved 1048576K
}

